

================================================================
== Vivado HLS Report for 'example_stream_plus1_512_512_s'
================================================================
* Date:           Sun Dec  5 19:08:58 2021

* Version:        2020.1 (Build 2897737 on Wed May 27 20:21:37 MDT 2020)
* Project:        prj
* Solution:       sol
* Product family: virtexuplus
* Target device:  xcu280-fsvh2892-2L-e


================================================================
== Performance Estimates
================================================================
+ Timing: 
    * Summary: 
    +--------+----------+----------+------------+
    |  Clock |  Target  | Estimated| Uncertainty|
    +--------+----------+----------+------------+
    |ap_clk  | 10.00 ns | 0.880 ns |   1.25 ns  |
    +--------+----------+----------+------------+

+ Latency: 
    * Summary: 
    +---------+---------+----------+----------+-----+-----+---------+
    |  Latency (cycles) |  Latency (absolute) |  Interval | Pipeline|
    |   min   |   max   |    min   |    max   | min | max |   Type  |
    +---------+---------+----------+----------+-----+-----+---------+
    |        ?|        ?|         ?|         ?|    ?|    ?|   none  |
    +---------+---------+----------+----------+-----+-----+---------+

    + Detail: 
        * Instance: 
        +-----------------------------------------+------------------------+---------+---------+----------+----------+-----+-----+----------+
        |                                         |                        |  Latency (cycles) |  Latency (absolute) |  Interval | Pipeline |
        |                 Instance                |         Module         |   min   |   max   |    min   |    max   | min | max |   Type   |
        +-----------------------------------------+------------------------+---------+---------+----------+----------+-----+-----+----------+
        |call_ln100_write_stream_512_512_s_fu_98  |write_stream_512_512_s  |        0|        0|   0 ns   |   0 ns   |    1|    1| function |
        |call_ret_read_stream_512_512_s_fu_111    |read_stream_512_512_s   |        0|        0|   0 ns   |   0 ns   |    1|    1| function |
        +-----------------------------------------+------------------------+---------+---------+----------+----------+-----+-----+----------+

        * Loop: 
        +----------+---------+---------+----------+-----------+-----------+------+----------+
        |          |  Latency (cycles) | Iteration|  Initiation Interval  | Trip |          |
        | Loop Name|   min   |   max   |  Latency |  achieved |   target  | Count| Pipelined|
        +----------+---------+---------+----------+-----------+-----------+------+----------+
        |- Loop 1  |        ?|        ?|         2|          2|          1|     ?|    yes   |
        +----------+---------+---------+----------+-----------+-----------+------+----------+



================================================================
== Utilization Estimates
================================================================
* Summary: 
+---------------------+---------+-------+---------+---------+-----+
|         Name        | BRAM_18K| DSP48E|    FF   |   LUT   | URAM|
+---------------------+---------+-------+---------+---------+-----+
|DSP                  |        -|      -|        -|        -|    -|
|Expression           |        -|      -|        0|      628|    -|
|FIFO                 |        -|      -|        -|        -|    -|
|Instance             |        -|      -|        2|       20|    -|
|Memory               |        -|      -|        -|        -|    -|
|Multiplexer          |        -|      -|        -|       54|    -|
|Register             |        -|      -|        4|        -|    -|
+---------------------+---------+-------+---------+---------+-----+
|Total                |        0|      0|        6|      702|    0|
+---------------------+---------+-------+---------+---------+-----+
|Available SLR        |     1344|   3008|   869120|   434560|  320|
+---------------------+---------+-------+---------+---------+-----+
|Utilization SLR (%)  |        0|      0|    ~0   |    ~0   |    0|
+---------------------+---------+-------+---------+---------+-----+
|Available            |     4032|   9024|  2607360|  1303680|  960|
+---------------------+---------+-------+---------+---------+-----+
|Utilization (%)      |        0|      0|    ~0   |    ~0   |    0|
+---------------------+---------+-------+---------+---------+-----+

+ Detail: 
    * Instance: 
    +-----------------------------------------+------------------------+---------+-------+---+----+-----+
    |                 Instance                |         Module         | BRAM_18K| DSP48E| FF| LUT| URAM|
    +-----------------------------------------+------------------------+---------+-------+---+----+-----+
    |call_ret_read_stream_512_512_s_fu_111    |read_stream_512_512_s   |        0|      0|  1|  11|    0|
    |call_ln100_write_stream_512_512_s_fu_98  |write_stream_512_512_s  |        0|      0|  1|   9|    0|
    +-----------------------------------------+------------------------+---------+-------+---+----+-----+
    |Total                                    |                        |        0|      0|  2|  20|    0|
    +-----------------------------------------+------------------------+---------+-------+---+----+-----+

    * DSP48E: 
    N/A

    * Memory: 
    N/A

    * FIFO: 
    N/A

    * Expression: 
    +-------------------------------------------------------+----------+-------+---+----+------------+------------+
    |                     Variable Name                     | Operation| DSP48E| FF| LUT| Bitwidth P0| Bitwidth P1|
    +-------------------------------------------------------+----------+-------+---+----+------------+------------+
    |add_ln215_10_fu_299_p2                                 |     +    |      0|  0|  39|           1|          32|
    |add_ln215_11_fu_315_p2                                 |     +    |      0|  0|  39|           1|          32|
    |add_ln215_12_fu_331_p2                                 |     +    |      0|  0|  39|           1|          32|
    |add_ln215_13_fu_347_p2                                 |     +    |      0|  0|  39|           1|          32|
    |add_ln215_14_fu_363_p2                                 |     +    |      0|  0|  39|           1|          32|
    |add_ln215_15_fu_379_p2                                 |     +    |      0|  0|  39|           1|          32|
    |add_ln215_1_fu_155_p2                                  |     +    |      0|  0|  39|           1|          32|
    |add_ln215_2_fu_171_p2                                  |     +    |      0|  0|  39|           1|          32|
    |add_ln215_3_fu_187_p2                                  |     +    |      0|  0|  39|           1|          32|
    |add_ln215_4_fu_203_p2                                  |     +    |      0|  0|  39|           1|          32|
    |add_ln215_5_fu_219_p2                                  |     +    |      0|  0|  39|           1|          32|
    |add_ln215_6_fu_235_p2                                  |     +    |      0|  0|  39|           1|          32|
    |add_ln215_7_fu_251_p2                                  |     +    |      0|  0|  39|           1|          32|
    |add_ln215_8_fu_267_p2                                  |     +    |      0|  0|  39|           1|          32|
    |add_ln215_9_fu_283_p2                                  |     +    |      0|  0|  39|           1|          32|
    |add_ln215_fu_139_p2                                    |     +    |      0|  0|  39|           1|          32|
    |call_ln100_write_stream_512_512_s_fu_98_axis00_TREADY  |    and   |      0|  0|   2|           1|           1|
    |ap_block_state3                                        |    or    |      0|  0|   2|           1|           1|
    +-------------------------------------------------------+----------+-------+---+----+------------+------------+
    |Total                                                  |          |      0|  0| 628|          18|         514|
    +-------------------------------------------------------+----------+-------+---+----+------------+------------+

    * Multiplexer: 
    +--------------------+----+-----------+-----+-----------+
    |        Name        | LUT| Input Size| Bits| Total Bits|
    +--------------------+----+-----------+-----+-----------+
    |ap_NS_fsm           |  27|          5|    1|          5|
    |axis00_TDATA_blk_n  |   9|          2|    1|          2|
    |axis01_TDATA_blk_n  |   9|          2|    1|          2|
    |axis01_TREADY       |   9|          2|    1|          2|
    +--------------------+----+-----------+-----+-----------+
    |Total               |  54|         11|    4|         11|
    +--------------------+----+-----------+-----+-----------+

    * Register: 
    +-----------+---+----+-----+-----------+
    |    Name   | FF| LUT| Bits| Const Bits|
    +-----------+---+----+-----+-----------+
    |ap_CS_fsm  |  4|   0|    4|          0|
    +-----------+---+----+-----+-----------+
    |Total      |  4|   0|    4|          0|
    +-----------+---+----+-----+-----------+



================================================================
== Interface
================================================================
* Summary: 
+---------------+-----+-----+------------+--------------------------------+--------------+
|   RTL Ports   | Dir | Bits|  Protocol  |          Source Object         |    C Type    |
+---------------+-----+-----+------------+--------------------------------+--------------+
|ap_clk         |  in |    1| ap_ctrl_hs | example_stream_plus1<512, 512> | return value |
|ap_rst         |  in |    1| ap_ctrl_hs | example_stream_plus1<512, 512> | return value |
|ap_start       |  in |    1| ap_ctrl_hs | example_stream_plus1<512, 512> | return value |
|ap_done        | out |    1| ap_ctrl_hs | example_stream_plus1<512, 512> | return value |
|ap_idle        | out |    1| ap_ctrl_hs | example_stream_plus1<512, 512> | return value |
|ap_ready       | out |    1| ap_ctrl_hs | example_stream_plus1<512, 512> | return value |
|axis01_TDATA   |  in |  512|    axis    |         s_axis_V_data_V        |    pointer   |
|axis01_TVALID  |  in |    1|    axis    |         s_axis_V_last_V        |    pointer   |
|axis01_TREADY  | out |    1|    axis    |         s_axis_V_last_V        |    pointer   |
|axis01_TLAST   |  in |    1|    axis    |         s_axis_V_last_V        |    pointer   |
|axis01_TKEEP   |  in |   64|    axis    |         s_axis_V_keep_V        |    pointer   |
|axis00_TDATA   | out |  512|    axis    |         m_axis_V_data_V        |    pointer   |
|axis00_TVALID  | out |    1|    axis    |         m_axis_V_last_V        |    pointer   |
|axis00_TREADY  |  in |    1|    axis    |         m_axis_V_last_V        |    pointer   |
|axis00_TLAST   | out |    1|    axis    |         m_axis_V_last_V        |    pointer   |
|axis00_TKEEP   | out |   64|    axis    |         m_axis_V_keep_V        |    pointer   |
+---------------+-----+-----+------------+--------------------------------+--------------+

============================================================
+ Verbose Summary: Synthesis Manager
============================================================
InlineROM: 1
ExposeGlobal: 0
============================================================
+ Verbose Summary: CDFG Model
============================================================
IsTopModel: 0
ResetActiveHigh: 1
IsCombinational: 2
IsDatapathOnly: 2
HasWiredReturn: 1
HasMFsm: 0
HasVarLatency: 1
IsPipeline: 0
IsRtlPipelined: 0
IsInstanceOverlapped: 0
IsDontTouch: 0
HasImplIP: 0
IsGatedGlobalClock: 0

+ Individual pipeline summary: 
  * Pipeline-0: initiation interval (II) = 2, depth = 2


============================================================
+ Verbose Summary: Schedule
============================================================
* Number of FSM states : 4
* Pipeline : 1
  Pipeline-0 : II = 2, D = 2, States = { 2 3 }
* Dataflow Pipeline: 0

* FSM state transitions: 
1 --> 2 
2 --> 3 
3 --> 4 2 
4 --> 

* FSM state operations: 

State 1 <SV = 0> <Delay = 0.00>
ST_1 : Operation 5 [1/1] (0.00ns)   --->   "call void (...)* @_ssdm_op_SpecInterface(i512* %s_axis_V_data_V, i64* %s_axis_V_keep_V, i1* %s_axis_V_last_V, [5 x i8]* @p_str4, i32 0, i32 0, [5 x i8]* @p_str5, i32 0, i32 0, [1 x i8]* @p_str1, [1 x i8]* @p_str1, [1 x i8]* @p_str1, i32 0, i32 0, i32 0, i32 0, [1 x i8]* @p_str1, [1 x i8]* @p_str1) nounwind"   --->   Operation 5 'specinterface' <Predicate = true> <Delay = 0.00>
ST_1 : Operation 6 [1/1] (0.00ns)   --->   "call void (...)* @_ssdm_op_SpecInterface(i512* %m_axis_V_data_V, i64* %m_axis_V_keep_V, i1* %m_axis_V_last_V, [5 x i8]* @p_str4, i32 0, i32 0, [5 x i8]* @p_str5, i32 0, i32 0, [1 x i8]* @p_str1, [1 x i8]* @p_str1, [1 x i8]* @p_str1, i32 0, i32 0, i32 0, i32 0, [1 x i8]* @p_str1, [1 x i8]* @p_str1) nounwind"   --->   Operation 6 'specinterface' <Predicate = true> <Delay = 0.00>
ST_1 : Operation 7 [1/1] (0.00ns)   --->   "br label %._crit_edge"   --->   Operation 7 'br' <Predicate = true> <Delay = 0.00>

State 2 <SV = 1> <Delay = 0.00>

State 3 <SV = 2> <Delay = 0.88>
ST_3 : Operation 8 [1/1] (0.00ns)   --->   "call void (...)* @_ssdm_op_SpecPipeline(i32 -1, i32 1, i32 1, i32 0, [1 x i8]* @p_str74)"   --->   Operation 8 'specpipeline' <Predicate = true> <Delay = 0.00>
ST_3 : Operation 9 [1/1] (0.00ns)   --->   "%call_ret = call fastcc { i512, i64, i1 } @"read_stream<512, 512>"(i512* %s_axis_V_data_V, i64* %s_axis_V_keep_V, i1* %s_axis_V_last_V)" [../finn_rtl_krnl_cmodel.cpp:98]   --->   Operation 9 'call' 'call_ret' <Predicate = true> <Delay = 0.00> <CoreType = "Generic">   --->   Core 0 '' <Latency = 0> <II = 1> <Delay = 1.00> <Generic> <Opcode : >
ST_3 : Operation 10 [1/1] (0.00ns)   --->   "%acc_data_V_1 = extractvalue { i512, i64, i1 } %call_ret, 0" [../finn_rtl_krnl_cmodel.cpp:98]   --->   Operation 10 'extractvalue' 'acc_data_V_1' <Predicate = true> <Delay = 0.00>
ST_3 : Operation 11 [1/1] (0.00ns)   --->   "%acc_keep_V = extractvalue { i512, i64, i1 } %call_ret, 1" [../finn_rtl_krnl_cmodel.cpp:98]   --->   Operation 11 'extractvalue' 'acc_keep_V' <Predicate = true> <Delay = 0.00>
ST_3 : Operation 12 [1/1] (0.00ns)   --->   "%acc_last_V = extractvalue { i512, i64, i1 } %call_ret, 2" [../finn_rtl_krnl_cmodel.cpp:98]   --->   Operation 12 'extractvalue' 'acc_last_V' <Predicate = true> <Delay = 0.00>
ST_3 : Operation 13 [1/1] (0.00ns)   --->   "%trunc_ln647 = trunc i512 %acc_data_V_1 to i32" [../finn_rtl_krnl_cmodel.cpp:81->../finn_rtl_krnl_cmodel.cpp:99]   --->   Operation 13 'trunc' 'trunc_ln647' <Predicate = true> <Delay = 0.00>
ST_3 : Operation 14 [1/1] (0.88ns)   --->   "%add_ln215 = add i32 1, %trunc_ln647" [../finn_rtl_krnl_cmodel.cpp:81->../finn_rtl_krnl_cmodel.cpp:99]   --->   Operation 14 'add' 'add_ln215' <Predicate = true> <Delay = 0.88> <Core = "AddSub">   --->   Core 14 'AddSub' <Latency = 0> <II = 1> <Delay = 0.88> <FuncUnit> <Opcode : 'add' 'sub'> <InPorts = 2> <OutPorts = 1>
ST_3 : Operation 15 [1/1] (0.00ns)   --->   "%p_Result_4_1_i = call i32 @_ssdm_op_PartSelect.i32.i512.i32.i32(i512 %acc_data_V_1, i32 32, i32 63)" [../finn_rtl_krnl_cmodel.cpp:81->../finn_rtl_krnl_cmodel.cpp:99]   --->   Operation 15 'partselect' 'p_Result_4_1_i' <Predicate = true> <Delay = 0.00>
ST_3 : Operation 16 [1/1] (0.88ns)   --->   "%add_ln215_1 = add i32 1, %p_Result_4_1_i" [../finn_rtl_krnl_cmodel.cpp:81->../finn_rtl_krnl_cmodel.cpp:99]   --->   Operation 16 'add' 'add_ln215_1' <Predicate = true> <Delay = 0.88> <Core = "AddSub">   --->   Core 14 'AddSub' <Latency = 0> <II = 1> <Delay = 0.88> <FuncUnit> <Opcode : 'add' 'sub'> <InPorts = 2> <OutPorts = 1>
ST_3 : Operation 17 [1/1] (0.00ns)   --->   "%p_Result_4_2_i = call i32 @_ssdm_op_PartSelect.i32.i512.i32.i32(i512 %acc_data_V_1, i32 64, i32 95)" [../finn_rtl_krnl_cmodel.cpp:81->../finn_rtl_krnl_cmodel.cpp:99]   --->   Operation 17 'partselect' 'p_Result_4_2_i' <Predicate = true> <Delay = 0.00>
ST_3 : Operation 18 [1/1] (0.88ns)   --->   "%add_ln215_2 = add i32 1, %p_Result_4_2_i" [../finn_rtl_krnl_cmodel.cpp:81->../finn_rtl_krnl_cmodel.cpp:99]   --->   Operation 18 'add' 'add_ln215_2' <Predicate = true> <Delay = 0.88> <Core = "AddSub">   --->   Core 14 'AddSub' <Latency = 0> <II = 1> <Delay = 0.88> <FuncUnit> <Opcode : 'add' 'sub'> <InPorts = 2> <OutPorts = 1>
ST_3 : Operation 19 [1/1] (0.00ns)   --->   "%p_Result_4_3_i = call i32 @_ssdm_op_PartSelect.i32.i512.i32.i32(i512 %acc_data_V_1, i32 96, i32 127)" [../finn_rtl_krnl_cmodel.cpp:81->../finn_rtl_krnl_cmodel.cpp:99]   --->   Operation 19 'partselect' 'p_Result_4_3_i' <Predicate = true> <Delay = 0.00>
ST_3 : Operation 20 [1/1] (0.88ns)   --->   "%add_ln215_3 = add i32 1, %p_Result_4_3_i" [../finn_rtl_krnl_cmodel.cpp:81->../finn_rtl_krnl_cmodel.cpp:99]   --->   Operation 20 'add' 'add_ln215_3' <Predicate = true> <Delay = 0.88> <Core = "AddSub">   --->   Core 14 'AddSub' <Latency = 0> <II = 1> <Delay = 0.88> <FuncUnit> <Opcode : 'add' 'sub'> <InPorts = 2> <OutPorts = 1>
ST_3 : Operation 21 [1/1] (0.00ns)   --->   "%p_Result_4_4_i = call i32 @_ssdm_op_PartSelect.i32.i512.i32.i32(i512 %acc_data_V_1, i32 128, i32 159)" [../finn_rtl_krnl_cmodel.cpp:81->../finn_rtl_krnl_cmodel.cpp:99]   --->   Operation 21 'partselect' 'p_Result_4_4_i' <Predicate = true> <Delay = 0.00>
ST_3 : Operation 22 [1/1] (0.88ns)   --->   "%add_ln215_4 = add i32 1, %p_Result_4_4_i" [../finn_rtl_krnl_cmodel.cpp:81->../finn_rtl_krnl_cmodel.cpp:99]   --->   Operation 22 'add' 'add_ln215_4' <Predicate = true> <Delay = 0.88> <Core = "AddSub">   --->   Core 14 'AddSub' <Latency = 0> <II = 1> <Delay = 0.88> <FuncUnit> <Opcode : 'add' 'sub'> <InPorts = 2> <OutPorts = 1>
ST_3 : Operation 23 [1/1] (0.00ns)   --->   "%p_Result_4_5_i = call i32 @_ssdm_op_PartSelect.i32.i512.i32.i32(i512 %acc_data_V_1, i32 160, i32 191)" [../finn_rtl_krnl_cmodel.cpp:81->../finn_rtl_krnl_cmodel.cpp:99]   --->   Operation 23 'partselect' 'p_Result_4_5_i' <Predicate = true> <Delay = 0.00>
ST_3 : Operation 24 [1/1] (0.88ns)   --->   "%add_ln215_5 = add i32 1, %p_Result_4_5_i" [../finn_rtl_krnl_cmodel.cpp:81->../finn_rtl_krnl_cmodel.cpp:99]   --->   Operation 24 'add' 'add_ln215_5' <Predicate = true> <Delay = 0.88> <Core = "AddSub">   --->   Core 14 'AddSub' <Latency = 0> <II = 1> <Delay = 0.88> <FuncUnit> <Opcode : 'add' 'sub'> <InPorts = 2> <OutPorts = 1>
ST_3 : Operation 25 [1/1] (0.00ns)   --->   "%p_Result_4_6_i = call i32 @_ssdm_op_PartSelect.i32.i512.i32.i32(i512 %acc_data_V_1, i32 192, i32 223)" [../finn_rtl_krnl_cmodel.cpp:81->../finn_rtl_krnl_cmodel.cpp:99]   --->   Operation 25 'partselect' 'p_Result_4_6_i' <Predicate = true> <Delay = 0.00>
ST_3 : Operation 26 [1/1] (0.88ns)   --->   "%add_ln215_6 = add i32 1, %p_Result_4_6_i" [../finn_rtl_krnl_cmodel.cpp:81->../finn_rtl_krnl_cmodel.cpp:99]   --->   Operation 26 'add' 'add_ln215_6' <Predicate = true> <Delay = 0.88> <Core = "AddSub">   --->   Core 14 'AddSub' <Latency = 0> <II = 1> <Delay = 0.88> <FuncUnit> <Opcode : 'add' 'sub'> <InPorts = 2> <OutPorts = 1>
ST_3 : Operation 27 [1/1] (0.00ns)   --->   "%p_Result_4_7_i = call i32 @_ssdm_op_PartSelect.i32.i512.i32.i32(i512 %acc_data_V_1, i32 224, i32 255)" [../finn_rtl_krnl_cmodel.cpp:81->../finn_rtl_krnl_cmodel.cpp:99]   --->   Operation 27 'partselect' 'p_Result_4_7_i' <Predicate = true> <Delay = 0.00>
ST_3 : Operation 28 [1/1] (0.88ns)   --->   "%add_ln215_7 = add i32 1, %p_Result_4_7_i" [../finn_rtl_krnl_cmodel.cpp:81->../finn_rtl_krnl_cmodel.cpp:99]   --->   Operation 28 'add' 'add_ln215_7' <Predicate = true> <Delay = 0.88> <Core = "AddSub">   --->   Core 14 'AddSub' <Latency = 0> <II = 1> <Delay = 0.88> <FuncUnit> <Opcode : 'add' 'sub'> <InPorts = 2> <OutPorts = 1>
ST_3 : Operation 29 [1/1] (0.00ns)   --->   "%p_Result_4_8_i = call i32 @_ssdm_op_PartSelect.i32.i512.i32.i32(i512 %acc_data_V_1, i32 256, i32 287)" [../finn_rtl_krnl_cmodel.cpp:81->../finn_rtl_krnl_cmodel.cpp:99]   --->   Operation 29 'partselect' 'p_Result_4_8_i' <Predicate = true> <Delay = 0.00>
ST_3 : Operation 30 [1/1] (0.88ns)   --->   "%add_ln215_8 = add i32 1, %p_Result_4_8_i" [../finn_rtl_krnl_cmodel.cpp:81->../finn_rtl_krnl_cmodel.cpp:99]   --->   Operation 30 'add' 'add_ln215_8' <Predicate = true> <Delay = 0.88> <Core = "AddSub">   --->   Core 14 'AddSub' <Latency = 0> <II = 1> <Delay = 0.88> <FuncUnit> <Opcode : 'add' 'sub'> <InPorts = 2> <OutPorts = 1>
ST_3 : Operation 31 [1/1] (0.00ns)   --->   "%p_Result_4_9_i = call i32 @_ssdm_op_PartSelect.i32.i512.i32.i32(i512 %acc_data_V_1, i32 288, i32 319)" [../finn_rtl_krnl_cmodel.cpp:81->../finn_rtl_krnl_cmodel.cpp:99]   --->   Operation 31 'partselect' 'p_Result_4_9_i' <Predicate = true> <Delay = 0.00>
ST_3 : Operation 32 [1/1] (0.88ns)   --->   "%add_ln215_9 = add i32 1, %p_Result_4_9_i" [../finn_rtl_krnl_cmodel.cpp:81->../finn_rtl_krnl_cmodel.cpp:99]   --->   Operation 32 'add' 'add_ln215_9' <Predicate = true> <Delay = 0.88> <Core = "AddSub">   --->   Core 14 'AddSub' <Latency = 0> <II = 1> <Delay = 0.88> <FuncUnit> <Opcode : 'add' 'sub'> <InPorts = 2> <OutPorts = 1>
ST_3 : Operation 33 [1/1] (0.00ns)   --->   "%p_Result_4_i = call i32 @_ssdm_op_PartSelect.i32.i512.i32.i32(i512 %acc_data_V_1, i32 320, i32 351)" [../finn_rtl_krnl_cmodel.cpp:81->../finn_rtl_krnl_cmodel.cpp:99]   --->   Operation 33 'partselect' 'p_Result_4_i' <Predicate = true> <Delay = 0.00>
ST_3 : Operation 34 [1/1] (0.88ns)   --->   "%add_ln215_10 = add i32 1, %p_Result_4_i" [../finn_rtl_krnl_cmodel.cpp:81->../finn_rtl_krnl_cmodel.cpp:99]   --->   Operation 34 'add' 'add_ln215_10' <Predicate = true> <Delay = 0.88> <Core = "AddSub">   --->   Core 14 'AddSub' <Latency = 0> <II = 1> <Delay = 0.88> <FuncUnit> <Opcode : 'add' 'sub'> <InPorts = 2> <OutPorts = 1>
ST_3 : Operation 35 [1/1] (0.00ns)   --->   "%p_Result_4_10_i = call i32 @_ssdm_op_PartSelect.i32.i512.i32.i32(i512 %acc_data_V_1, i32 352, i32 383)" [../finn_rtl_krnl_cmodel.cpp:81->../finn_rtl_krnl_cmodel.cpp:99]   --->   Operation 35 'partselect' 'p_Result_4_10_i' <Predicate = true> <Delay = 0.00>
ST_3 : Operation 36 [1/1] (0.88ns)   --->   "%add_ln215_11 = add i32 1, %p_Result_4_10_i" [../finn_rtl_krnl_cmodel.cpp:81->../finn_rtl_krnl_cmodel.cpp:99]   --->   Operation 36 'add' 'add_ln215_11' <Predicate = true> <Delay = 0.88> <Core = "AddSub">   --->   Core 14 'AddSub' <Latency = 0> <II = 1> <Delay = 0.88> <FuncUnit> <Opcode : 'add' 'sub'> <InPorts = 2> <OutPorts = 1>
ST_3 : Operation 37 [1/1] (0.00ns)   --->   "%p_Result_4_11_i = call i32 @_ssdm_op_PartSelect.i32.i512.i32.i32(i512 %acc_data_V_1, i32 384, i32 415)" [../finn_rtl_krnl_cmodel.cpp:81->../finn_rtl_krnl_cmodel.cpp:99]   --->   Operation 37 'partselect' 'p_Result_4_11_i' <Predicate = true> <Delay = 0.00>
ST_3 : Operation 38 [1/1] (0.88ns)   --->   "%add_ln215_12 = add i32 1, %p_Result_4_11_i" [../finn_rtl_krnl_cmodel.cpp:81->../finn_rtl_krnl_cmodel.cpp:99]   --->   Operation 38 'add' 'add_ln215_12' <Predicate = true> <Delay = 0.88> <Core = "AddSub">   --->   Core 14 'AddSub' <Latency = 0> <II = 1> <Delay = 0.88> <FuncUnit> <Opcode : 'add' 'sub'> <InPorts = 2> <OutPorts = 1>
ST_3 : Operation 39 [1/1] (0.00ns)   --->   "%p_Result_4_12_i = call i32 @_ssdm_op_PartSelect.i32.i512.i32.i32(i512 %acc_data_V_1, i32 416, i32 447)" [../finn_rtl_krnl_cmodel.cpp:81->../finn_rtl_krnl_cmodel.cpp:99]   --->   Operation 39 'partselect' 'p_Result_4_12_i' <Predicate = true> <Delay = 0.00>
ST_3 : Operation 40 [1/1] (0.88ns)   --->   "%add_ln215_13 = add i32 1, %p_Result_4_12_i" [../finn_rtl_krnl_cmodel.cpp:81->../finn_rtl_krnl_cmodel.cpp:99]   --->   Operation 40 'add' 'add_ln215_13' <Predicate = true> <Delay = 0.88> <Core = "AddSub">   --->   Core 14 'AddSub' <Latency = 0> <II = 1> <Delay = 0.88> <FuncUnit> <Opcode : 'add' 'sub'> <InPorts = 2> <OutPorts = 1>
ST_3 : Operation 41 [1/1] (0.00ns)   --->   "%p_Result_4_13_i = call i32 @_ssdm_op_PartSelect.i32.i512.i32.i32(i512 %acc_data_V_1, i32 448, i32 479)" [../finn_rtl_krnl_cmodel.cpp:81->../finn_rtl_krnl_cmodel.cpp:99]   --->   Operation 41 'partselect' 'p_Result_4_13_i' <Predicate = true> <Delay = 0.00>
ST_3 : Operation 42 [1/1] (0.88ns)   --->   "%add_ln215_14 = add i32 1, %p_Result_4_13_i" [../finn_rtl_krnl_cmodel.cpp:81->../finn_rtl_krnl_cmodel.cpp:99]   --->   Operation 42 'add' 'add_ln215_14' <Predicate = true> <Delay = 0.88> <Core = "AddSub">   --->   Core 14 'AddSub' <Latency = 0> <II = 1> <Delay = 0.88> <FuncUnit> <Opcode : 'add' 'sub'> <InPorts = 2> <OutPorts = 1>
ST_3 : Operation 43 [1/1] (0.00ns)   --->   "%p_Result_4_14_i = call i32 @_ssdm_op_PartSelect.i32.i512.i32.i32(i512 %acc_data_V_1, i32 480, i32 511)" [../finn_rtl_krnl_cmodel.cpp:81->../finn_rtl_krnl_cmodel.cpp:99]   --->   Operation 43 'partselect' 'p_Result_4_14_i' <Predicate = true> <Delay = 0.00>
ST_3 : Operation 44 [1/1] (0.88ns)   --->   "%add_ln215_15 = add i32 1, %p_Result_4_14_i" [../finn_rtl_krnl_cmodel.cpp:81->../finn_rtl_krnl_cmodel.cpp:99]   --->   Operation 44 'add' 'add_ln215_15' <Predicate = true> <Delay = 0.88> <Core = "AddSub">   --->   Core 14 'AddSub' <Latency = 0> <II = 1> <Delay = 0.88> <FuncUnit> <Opcode : 'add' 'sub'> <InPorts = 2> <OutPorts = 1>
ST_3 : Operation 45 [1/1] (0.00ns)   --->   "%acc_data_V = call i512 @_ssdm_op_BitConcatenate.i512.i32.i32.i32.i32.i32.i32.i32.i32.i32.i32.i32.i32.i32.i32.i32.i32(i32 %add_ln215_15, i32 %add_ln215_14, i32 %add_ln215_13, i32 %add_ln215_12, i32 %add_ln215_11, i32 %add_ln215_10, i32 %add_ln215_9, i32 %add_ln215_8, i32 %add_ln215_7, i32 %add_ln215_6, i32 %add_ln215_5, i32 %add_ln215_4, i32 %add_ln215_3, i32 %add_ln215_2, i32 %add_ln215_1, i32 %add_ln215)" [../finn_rtl_krnl_cmodel.cpp:81->../finn_rtl_krnl_cmodel.cpp:99]   --->   Operation 45 'bitconcatenate' 'acc_data_V' <Predicate = true> <Delay = 0.00>
ST_3 : Operation 46 [1/1] (0.00ns)   --->   "call fastcc void @"write_stream<512, 512>"(i512 %acc_data_V, i64 %acc_keep_V, i1 %acc_last_V, i512* %m_axis_V_data_V, i64* %m_axis_V_keep_V, i1* %m_axis_V_last_V)" [../finn_rtl_krnl_cmodel.cpp:100]   --->   Operation 46 'call' <Predicate = true> <Delay = 0.00> <CoreType = "Generic">   --->   Core 0 '' <Latency = 0> <II = 1> <Delay = 1.00> <Generic> <Opcode : >
ST_3 : Operation 47 [1/1] (0.00ns)   --->   "br i1 %acc_last_V, label %0, label %._crit_edge" [../finn_rtl_krnl_cmodel.cpp:95]   --->   Operation 47 'br' <Predicate = true> <Delay = 0.00>

State 4 <SV = 3> <Delay = 0.00>
ST_4 : Operation 48 [1/1] (0.00ns)   --->   "ret void" [../finn_rtl_krnl_cmodel.cpp:104]   --->   Operation 48 'ret' <Predicate = true> <Delay = 0.00>


============================================================
+ Verbose Summary: Binding
============================================================
STG Binding: 
---------------- STG Properties BEGIN ----------------
- Is combinational: 0
- Is one-state seq: 0
- Is datapath-only: 0
- Is pipelined: 0
- Is top level: 0
Port [ Return ] is wired: 1; IO mode=ap_ctrl_hs:ce=0
Port [ s_axis_V_data_V]:  wired=1; compound=1; hidden=0; nouse=0; global=0; static=0; extern=0; dir=0; type=0; pingpong=0; private_global=0; IO mode=axis:ce=0
Port [ s_axis_V_keep_V]:  wired=1; compound=1; hidden=0; nouse=0; global=0; static=0; extern=0; dir=0; type=0; pingpong=0; private_global=0; IO mode=axis:ce=0
Port [ s_axis_V_last_V]:  wired=1; compound=1; hidden=0; nouse=0; global=0; static=0; extern=0; dir=0; type=0; pingpong=0; private_global=0; IO mode=axis:ce=0
Port [ m_axis_V_data_V]:  wired=1; compound=1; hidden=0; nouse=0; global=0; static=0; extern=0; dir=1; type=0; pingpong=0; private_global=0; IO mode=axis:ce=0
Port [ m_axis_V_keep_V]:  wired=1; compound=1; hidden=0; nouse=0; global=0; static=0; extern=0; dir=1; type=0; pingpong=0; private_global=0; IO mode=axis:ce=0
Port [ m_axis_V_last_V]:  wired=1; compound=1; hidden=0; nouse=0; global=0; static=0; extern=0; dir=1; type=0; pingpong=0; private_global=0; IO mode=axis:ce=0
---------------- STG Properties END ------------------

---------------- Datapath Model BEGIN ----------------

<LifeTime>
<method=bitvector/>
specinterface_ln0 (specinterface ) [ 00000]
specinterface_ln0 (specinterface ) [ 00000]
br_ln0            (br            ) [ 00000]
specpipeline_ln0  (specpipeline  ) [ 00000]
call_ret          (call          ) [ 00000]
acc_data_V_1      (extractvalue  ) [ 00000]
acc_keep_V        (extractvalue  ) [ 00000]
acc_last_V        (extractvalue  ) [ 00110]
trunc_ln647       (trunc         ) [ 00000]
add_ln215         (add           ) [ 00000]
p_Result_4_1_i    (partselect    ) [ 00000]
add_ln215_1       (add           ) [ 00000]
p_Result_4_2_i    (partselect    ) [ 00000]
add_ln215_2       (add           ) [ 00000]
p_Result_4_3_i    (partselect    ) [ 00000]
add_ln215_3       (add           ) [ 00000]
p_Result_4_4_i    (partselect    ) [ 00000]
add_ln215_4       (add           ) [ 00000]
p_Result_4_5_i    (partselect    ) [ 00000]
add_ln215_5       (add           ) [ 00000]
p_Result_4_6_i    (partselect    ) [ 00000]
add_ln215_6       (add           ) [ 00000]
p_Result_4_7_i    (partselect    ) [ 00000]
add_ln215_7       (add           ) [ 00000]
p_Result_4_8_i    (partselect    ) [ 00000]
add_ln215_8       (add           ) [ 00000]
p_Result_4_9_i    (partselect    ) [ 00000]
add_ln215_9       (add           ) [ 00000]
p_Result_4_i      (partselect    ) [ 00000]
add_ln215_10      (add           ) [ 00000]
p_Result_4_10_i   (partselect    ) [ 00000]
add_ln215_11      (add           ) [ 00000]
p_Result_4_11_i   (partselect    ) [ 00000]
add_ln215_12      (add           ) [ 00000]
p_Result_4_12_i   (partselect    ) [ 00000]
add_ln215_13      (add           ) [ 00000]
p_Result_4_13_i   (partselect    ) [ 00000]
add_ln215_14      (add           ) [ 00000]
p_Result_4_14_i   (partselect    ) [ 00000]
add_ln215_15      (add           ) [ 00000]
acc_data_V        (bitconcatenate) [ 00000]
call_ln100        (call          ) [ 00000]
br_ln95           (br            ) [ 00000]
ret_ln104         (ret           ) [ 00000]
</LifeTime>

<model>

<comp_list>
<comp id="0" class="1000" name="s_axis_V_data_V">
<pin_list>
<pin id="1" dir="1" index="0" bw="1" slack="0"/>
</pin_list>
<bind>
<StgValue><ssdm name="s_axis_V_data_V"/></StgValue>
</bind>
</comp>

<comp id="2" class="1000" name="s_axis_V_keep_V">
<pin_list>
<pin id="3" dir="1" index="0" bw="1" slack="0"/>
</pin_list>
<bind>
<StgValue><ssdm name="s_axis_V_keep_V"/></StgValue>
</bind>
</comp>

<comp id="4" class="1000" name="s_axis_V_last_V">
<pin_list>
<pin id="5" dir="1" index="0" bw="1" slack="0"/>
</pin_list>
<bind>
<StgValue><ssdm name="s_axis_V_last_V"/></StgValue>
</bind>
</comp>

<comp id="6" class="1000" name="m_axis_V_data_V">
<pin_list>
<pin id="7" dir="1" index="0" bw="1" slack="0"/>
</pin_list>
<bind>
<StgValue><ssdm name="m_axis_V_data_V"/></StgValue>
</bind>
</comp>

<comp id="8" class="1000" name="m_axis_V_keep_V">
<pin_list>
<pin id="9" dir="1" index="0" bw="1" slack="0"/>
</pin_list>
<bind>
<StgValue><ssdm name="m_axis_V_keep_V"/></StgValue>
</bind>
</comp>

<comp id="10" class="1000" name="m_axis_V_last_V">
<pin_list>
<pin id="11" dir="1" index="0" bw="1" slack="0"/>
</pin_list>
<bind>
<StgValue><ssdm name="m_axis_V_last_V"/></StgValue>
</bind>
</comp>

<comp id="12" class="1001" name="const_12">
<pin_list>
<pin id="13" dir="1" index="0" bw="1" slack="2147483647"/>
</pin_list>
<bind>
<StgValue><ssdm name="_ssdm_op_SpecInterface"/></StgValue>
</bind>
</comp>

<comp id="14" class="1001" name="const_14">
<pin_list>
<pin id="15" dir="1" index="0" bw="1" slack="2147483647"/>
</pin_list>
<bind>
<StgValue><ssdm name="p_str4"/></StgValue>
</bind>
</comp>

<comp id="16" class="1001" name="const_16">
<pin_list>
<pin id="17" dir="1" index="0" bw="1" slack="2147483647"/>
</pin_list>
<bind>
<StgValue><ssdm name=""/></StgValue>
</bind>
</comp>

<comp id="18" class="1001" name="const_18">
<pin_list>
<pin id="19" dir="1" index="0" bw="1" slack="2147483647"/>
</pin_list>
<bind>
<StgValue><ssdm name="p_str5"/></StgValue>
</bind>
</comp>

<comp id="20" class="1001" name="const_20">
<pin_list>
<pin id="21" dir="1" index="0" bw="1" slack="2147483647"/>
</pin_list>
<bind>
<StgValue><ssdm name="p_str1"/></StgValue>
</bind>
</comp>

<comp id="22" class="1001" name="const_22">
<pin_list>
<pin id="23" dir="1" index="0" bw="1" slack="2147483647"/>
</pin_list>
<bind>
<StgValue><ssdm name="_ssdm_op_SpecPipeline"/></StgValue>
</bind>
</comp>

<comp id="24" class="1001" name="const_24">
<pin_list>
<pin id="25" dir="1" index="0" bw="1" slack="2147483647"/>
</pin_list>
<bind>
<StgValue><ssdm name=""/></StgValue>
</bind>
</comp>

<comp id="26" class="1001" name="const_26">
<pin_list>
<pin id="27" dir="1" index="0" bw="1" slack="0"/>
</pin_list>
<bind>
<StgValue><ssdm name=""/></StgValue>
</bind>
</comp>

<comp id="28" class="1001" name="const_28">
<pin_list>
<pin id="29" dir="1" index="0" bw="1" slack="2147483647"/>
</pin_list>
<bind>
<StgValue><ssdm name="p_str74"/></StgValue>
</bind>
</comp>

<comp id="30" class="1001" name="const_30">
<pin_list>
<pin id="31" dir="1" index="0" bw="1" slack="0"/>
</pin_list>
<bind>
<StgValue><ssdm name="read_stream<512, 512>"/></StgValue>
</bind>
</comp>

<comp id="32" class="1001" name="const_32">
<pin_list>
<pin id="33" dir="1" index="0" bw="1" slack="0"/>
</pin_list>
<bind>
<StgValue><ssdm name="_ssdm_op_PartSelect.i32.i512.i32.i32"/></StgValue>
</bind>
</comp>

<comp id="34" class="1001" name="const_34">
<pin_list>
<pin id="35" dir="1" index="0" bw="1" slack="0"/>
</pin_list>
<bind>
<StgValue><ssdm name=""/></StgValue>
</bind>
</comp>

<comp id="36" class="1001" name="const_36">
<pin_list>
<pin id="37" dir="1" index="0" bw="1" slack="0"/>
</pin_list>
<bind>
<StgValue><ssdm name=""/></StgValue>
</bind>
</comp>

<comp id="38" class="1001" name="const_38">
<pin_list>
<pin id="39" dir="1" index="0" bw="1" slack="0"/>
</pin_list>
<bind>
<StgValue><ssdm name=""/></StgValue>
</bind>
</comp>

<comp id="40" class="1001" name="const_40">
<pin_list>
<pin id="41" dir="1" index="0" bw="1" slack="0"/>
</pin_list>
<bind>
<StgValue><ssdm name=""/></StgValue>
</bind>
</comp>

<comp id="42" class="1001" name="const_42">
<pin_list>
<pin id="43" dir="1" index="0" bw="1" slack="0"/>
</pin_list>
<bind>
<StgValue><ssdm name=""/></StgValue>
</bind>
</comp>

<comp id="44" class="1001" name="const_44">
<pin_list>
<pin id="45" dir="1" index="0" bw="1" slack="0"/>
</pin_list>
<bind>
<StgValue><ssdm name=""/></StgValue>
</bind>
</comp>

<comp id="46" class="1001" name="const_46">
<pin_list>
<pin id="47" dir="1" index="0" bw="1" slack="0"/>
</pin_list>
<bind>
<StgValue><ssdm name=""/></StgValue>
</bind>
</comp>

<comp id="48" class="1001" name="const_48">
<pin_list>
<pin id="49" dir="1" index="0" bw="1" slack="0"/>
</pin_list>
<bind>
<StgValue><ssdm name=""/></StgValue>
</bind>
</comp>

<comp id="50" class="1001" name="const_50">
<pin_list>
<pin id="51" dir="1" index="0" bw="1" slack="0"/>
</pin_list>
<bind>
<StgValue><ssdm name=""/></StgValue>
</bind>
</comp>

<comp id="52" class="1001" name="const_52">
<pin_list>
<pin id="53" dir="1" index="0" bw="1" slack="0"/>
</pin_list>
<bind>
<StgValue><ssdm name=""/></StgValue>
</bind>
</comp>

<comp id="54" class="1001" name="const_54">
<pin_list>
<pin id="55" dir="1" index="0" bw="1" slack="0"/>
</pin_list>
<bind>
<StgValue><ssdm name=""/></StgValue>
</bind>
</comp>

<comp id="56" class="1001" name="const_56">
<pin_list>
<pin id="57" dir="1" index="0" bw="1" slack="0"/>
</pin_list>
<bind>
<StgValue><ssdm name=""/></StgValue>
</bind>
</comp>

<comp id="58" class="1001" name="const_58">
<pin_list>
<pin id="59" dir="1" index="0" bw="1" slack="0"/>
</pin_list>
<bind>
<StgValue><ssdm name=""/></StgValue>
</bind>
</comp>

<comp id="60" class="1001" name="const_60">
<pin_list>
<pin id="61" dir="1" index="0" bw="1" slack="0"/>
</pin_list>
<bind>
<StgValue><ssdm name=""/></StgValue>
</bind>
</comp>

<comp id="62" class="1001" name="const_62">
<pin_list>
<pin id="63" dir="1" index="0" bw="1" slack="0"/>
</pin_list>
<bind>
<StgValue><ssdm name=""/></StgValue>
</bind>
</comp>

<comp id="64" class="1001" name="const_64">
<pin_list>
<pin id="65" dir="1" index="0" bw="1" slack="0"/>
</pin_list>
<bind>
<StgValue><ssdm name=""/></StgValue>
</bind>
</comp>

<comp id="66" class="1001" name="const_66">
<pin_list>
<pin id="67" dir="1" index="0" bw="1" slack="0"/>
</pin_list>
<bind>
<StgValue><ssdm name=""/></StgValue>
</bind>
</comp>

<comp id="68" class="1001" name="const_68">
<pin_list>
<pin id="69" dir="1" index="0" bw="1" slack="0"/>
</pin_list>
<bind>
<StgValue><ssdm name=""/></StgValue>
</bind>
</comp>

<comp id="70" class="1001" name="const_70">
<pin_list>
<pin id="71" dir="1" index="0" bw="1" slack="0"/>
</pin_list>
<bind>
<StgValue><ssdm name=""/></StgValue>
</bind>
</comp>

<comp id="72" class="1001" name="const_72">
<pin_list>
<pin id="73" dir="1" index="0" bw="1" slack="0"/>
</pin_list>
<bind>
<StgValue><ssdm name=""/></StgValue>
</bind>
</comp>

<comp id="74" class="1001" name="const_74">
<pin_list>
<pin id="75" dir="1" index="0" bw="1" slack="0"/>
</pin_list>
<bind>
<StgValue><ssdm name=""/></StgValue>
</bind>
</comp>

<comp id="76" class="1001" name="const_76">
<pin_list>
<pin id="77" dir="1" index="0" bw="1" slack="0"/>
</pin_list>
<bind>
<StgValue><ssdm name=""/></StgValue>
</bind>
</comp>

<comp id="78" class="1001" name="const_78">
<pin_list>
<pin id="79" dir="1" index="0" bw="1" slack="0"/>
</pin_list>
<bind>
<StgValue><ssdm name=""/></StgValue>
</bind>
</comp>

<comp id="80" class="1001" name="const_80">
<pin_list>
<pin id="81" dir="1" index="0" bw="1" slack="0"/>
</pin_list>
<bind>
<StgValue><ssdm name=""/></StgValue>
</bind>
</comp>

<comp id="82" class="1001" name="const_82">
<pin_list>
<pin id="83" dir="1" index="0" bw="1" slack="0"/>
</pin_list>
<bind>
<StgValue><ssdm name=""/></StgValue>
</bind>
</comp>

<comp id="84" class="1001" name="const_84">
<pin_list>
<pin id="85" dir="1" index="0" bw="1" slack="0"/>
</pin_list>
<bind>
<StgValue><ssdm name=""/></StgValue>
</bind>
</comp>

<comp id="86" class="1001" name="const_86">
<pin_list>
<pin id="87" dir="1" index="0" bw="1" slack="0"/>
</pin_list>
<bind>
<StgValue><ssdm name=""/></StgValue>
</bind>
</comp>

<comp id="88" class="1001" name="const_88">
<pin_list>
<pin id="89" dir="1" index="0" bw="1" slack="0"/>
</pin_list>
<bind>
<StgValue><ssdm name=""/></StgValue>
</bind>
</comp>

<comp id="90" class="1001" name="const_90">
<pin_list>
<pin id="91" dir="1" index="0" bw="1" slack="0"/>
</pin_list>
<bind>
<StgValue><ssdm name=""/></StgValue>
</bind>
</comp>

<comp id="92" class="1001" name="const_92">
<pin_list>
<pin id="93" dir="1" index="0" bw="1" slack="0"/>
</pin_list>
<bind>
<StgValue><ssdm name=""/></StgValue>
</bind>
</comp>

<comp id="94" class="1001" name="const_94">
<pin_list>
<pin id="95" dir="1" index="0" bw="1" slack="0"/>
</pin_list>
<bind>
<StgValue><ssdm name="_ssdm_op_BitConcatenate.i512.i32.i32.i32.i32.i32.i32.i32.i32.i32.i32.i32.i32.i32.i32.i32.i32"/></StgValue>
</bind>
</comp>

<comp id="96" class="1001" name="const_96">
<pin_list>
<pin id="97" dir="1" index="0" bw="1" slack="0"/>
</pin_list>
<bind>
<StgValue><ssdm name="write_stream<512, 512>"/></StgValue>
</bind>
</comp>

<comp id="98" class="1004" name="call_ln100_write_stream_512_512_s_fu_98">
<pin_list>
<pin id="99" dir="0" index="0" bw="0" slack="0"/>
<pin id="100" dir="0" index="1" bw="512" slack="0"/>
<pin id="101" dir="0" index="2" bw="64" slack="0"/>
<pin id="102" dir="0" index="3" bw="1" slack="0"/>
<pin id="103" dir="0" index="4" bw="512" slack="0"/>
<pin id="104" dir="0" index="5" bw="64" slack="0"/>
<pin id="105" dir="0" index="6" bw="1" slack="0"/>
<pin id="106" dir="1" index="7" bw="0" slack="2147483647"/>
</pin_list>
<bind>
<opcode="call(48) " fcode="call"/>
<opset="call_ln100/3 "/>
</bind>
</comp>

<comp id="111" class="1004" name="call_ret_read_stream_512_512_s_fu_111">
<pin_list>
<pin id="112" dir="0" index="0" bw="577" slack="0"/>
<pin id="113" dir="0" index="1" bw="512" slack="0"/>
<pin id="114" dir="0" index="2" bw="64" slack="0"/>
<pin id="115" dir="0" index="3" bw="1" slack="0"/>
<pin id="116" dir="1" index="4" bw="577" slack="0"/>
</pin_list>
<bind>
<opcode="call(48) " fcode="call"/>
<opset="call_ret/3 "/>
</bind>
</comp>

<comp id="121" class="1004" name="acc_data_V_1_fu_121">
<pin_list>
<pin id="122" dir="0" index="0" bw="577" slack="0"/>
<pin id="123" dir="1" index="1" bw="512" slack="0"/>
</pin_list>
<bind>
<opcode="extractvalue(56) " fcode="extractvalue"/>
<opset="acc_data_V_1/3 "/>
</bind>
</comp>

<comp id="125" class="1004" name="acc_keep_V_fu_125">
<pin_list>
<pin id="126" dir="0" index="0" bw="577" slack="0"/>
<pin id="127" dir="1" index="1" bw="64" slack="0"/>
</pin_list>
<bind>
<opcode="extractvalue(56) " fcode="extractvalue"/>
<opset="acc_keep_V/3 "/>
</bind>
</comp>

<comp id="130" class="1004" name="acc_last_V_fu_130">
<pin_list>
<pin id="131" dir="0" index="0" bw="577" slack="0"/>
<pin id="132" dir="1" index="1" bw="1" slack="0"/>
</pin_list>
<bind>
<opcode="extractvalue(56) " fcode="extractvalue"/>
<opset="acc_last_V/3 "/>
</bind>
</comp>

<comp id="135" class="1004" name="trunc_ln647_fu_135">
<pin_list>
<pin id="136" dir="0" index="0" bw="512" slack="0"/>
<pin id="137" dir="1" index="1" bw="32" slack="0"/>
</pin_list>
<bind>
<opcode="trunc(33) " fcode="trunc"/>
<opset="trunc_ln647/3 "/>
</bind>
</comp>

<comp id="139" class="1004" name="add_ln215_fu_139">
<pin_list>
<pin id="140" dir="0" index="0" bw="1" slack="0"/>
<pin id="141" dir="0" index="1" bw="32" slack="0"/>
<pin id="142" dir="1" index="2" bw="32" slack="0"/>
</pin_list>
<bind>
<opcode="add(8) " fcode="add"/>
<opset="add_ln215/3 "/>
</bind>
</comp>

<comp id="145" class="1004" name="p_Result_4_1_i_fu_145">
<pin_list>
<pin id="146" dir="0" index="0" bw="32" slack="0"/>
<pin id="147" dir="0" index="1" bw="512" slack="0"/>
<pin id="148" dir="0" index="2" bw="7" slack="0"/>
<pin id="149" dir="0" index="3" bw="7" slack="0"/>
<pin id="150" dir="1" index="4" bw="32" slack="0"/>
</pin_list>
<bind>
<opcode="partselect(1002) " fcode="partselect"/>
<opset="p_Result_4_1_i/3 "/>
</bind>
</comp>

<comp id="155" class="1004" name="add_ln215_1_fu_155">
<pin_list>
<pin id="156" dir="0" index="0" bw="1" slack="0"/>
<pin id="157" dir="0" index="1" bw="32" slack="0"/>
<pin id="158" dir="1" index="2" bw="32" slack="0"/>
</pin_list>
<bind>
<opcode="add(8) " fcode="add"/>
<opset="add_ln215_1/3 "/>
</bind>
</comp>

<comp id="161" class="1004" name="p_Result_4_2_i_fu_161">
<pin_list>
<pin id="162" dir="0" index="0" bw="32" slack="0"/>
<pin id="163" dir="0" index="1" bw="512" slack="0"/>
<pin id="164" dir="0" index="2" bw="8" slack="0"/>
<pin id="165" dir="0" index="3" bw="8" slack="0"/>
<pin id="166" dir="1" index="4" bw="32" slack="0"/>
</pin_list>
<bind>
<opcode="partselect(1002) " fcode="partselect"/>
<opset="p_Result_4_2_i/3 "/>
</bind>
</comp>

<comp id="171" class="1004" name="add_ln215_2_fu_171">
<pin_list>
<pin id="172" dir="0" index="0" bw="1" slack="0"/>
<pin id="173" dir="0" index="1" bw="32" slack="0"/>
<pin id="174" dir="1" index="2" bw="32" slack="0"/>
</pin_list>
<bind>
<opcode="add(8) " fcode="add"/>
<opset="add_ln215_2/3 "/>
</bind>
</comp>

<comp id="177" class="1004" name="p_Result_4_3_i_fu_177">
<pin_list>
<pin id="178" dir="0" index="0" bw="32" slack="0"/>
<pin id="179" dir="0" index="1" bw="512" slack="0"/>
<pin id="180" dir="0" index="2" bw="8" slack="0"/>
<pin id="181" dir="0" index="3" bw="8" slack="0"/>
<pin id="182" dir="1" index="4" bw="32" slack="0"/>
</pin_list>
<bind>
<opcode="partselect(1002) " fcode="partselect"/>
<opset="p_Result_4_3_i/3 "/>
</bind>
</comp>

<comp id="187" class="1004" name="add_ln215_3_fu_187">
<pin_list>
<pin id="188" dir="0" index="0" bw="1" slack="0"/>
<pin id="189" dir="0" index="1" bw="32" slack="0"/>
<pin id="190" dir="1" index="2" bw="32" slack="0"/>
</pin_list>
<bind>
<opcode="add(8) " fcode="add"/>
<opset="add_ln215_3/3 "/>
</bind>
</comp>

<comp id="193" class="1004" name="p_Result_4_4_i_fu_193">
<pin_list>
<pin id="194" dir="0" index="0" bw="32" slack="0"/>
<pin id="195" dir="0" index="1" bw="512" slack="0"/>
<pin id="196" dir="0" index="2" bw="9" slack="0"/>
<pin id="197" dir="0" index="3" bw="9" slack="0"/>
<pin id="198" dir="1" index="4" bw="32" slack="0"/>
</pin_list>
<bind>
<opcode="partselect(1002) " fcode="partselect"/>
<opset="p_Result_4_4_i/3 "/>
</bind>
</comp>

<comp id="203" class="1004" name="add_ln215_4_fu_203">
<pin_list>
<pin id="204" dir="0" index="0" bw="1" slack="0"/>
<pin id="205" dir="0" index="1" bw="32" slack="0"/>
<pin id="206" dir="1" index="2" bw="32" slack="0"/>
</pin_list>
<bind>
<opcode="add(8) " fcode="add"/>
<opset="add_ln215_4/3 "/>
</bind>
</comp>

<comp id="209" class="1004" name="p_Result_4_5_i_fu_209">
<pin_list>
<pin id="210" dir="0" index="0" bw="32" slack="0"/>
<pin id="211" dir="0" index="1" bw="512" slack="0"/>
<pin id="212" dir="0" index="2" bw="9" slack="0"/>
<pin id="213" dir="0" index="3" bw="9" slack="0"/>
<pin id="214" dir="1" index="4" bw="32" slack="0"/>
</pin_list>
<bind>
<opcode="partselect(1002) " fcode="partselect"/>
<opset="p_Result_4_5_i/3 "/>
</bind>
</comp>

<comp id="219" class="1004" name="add_ln215_5_fu_219">
<pin_list>
<pin id="220" dir="0" index="0" bw="1" slack="0"/>
<pin id="221" dir="0" index="1" bw="32" slack="0"/>
<pin id="222" dir="1" index="2" bw="32" slack="0"/>
</pin_list>
<bind>
<opcode="add(8) " fcode="add"/>
<opset="add_ln215_5/3 "/>
</bind>
</comp>

<comp id="225" class="1004" name="p_Result_4_6_i_fu_225">
<pin_list>
<pin id="226" dir="0" index="0" bw="32" slack="0"/>
<pin id="227" dir="0" index="1" bw="512" slack="0"/>
<pin id="228" dir="0" index="2" bw="9" slack="0"/>
<pin id="229" dir="0" index="3" bw="9" slack="0"/>
<pin id="230" dir="1" index="4" bw="32" slack="0"/>
</pin_list>
<bind>
<opcode="partselect(1002) " fcode="partselect"/>
<opset="p_Result_4_6_i/3 "/>
</bind>
</comp>

<comp id="235" class="1004" name="add_ln215_6_fu_235">
<pin_list>
<pin id="236" dir="0" index="0" bw="1" slack="0"/>
<pin id="237" dir="0" index="1" bw="32" slack="0"/>
<pin id="238" dir="1" index="2" bw="32" slack="0"/>
</pin_list>
<bind>
<opcode="add(8) " fcode="add"/>
<opset="add_ln215_6/3 "/>
</bind>
</comp>

<comp id="241" class="1004" name="p_Result_4_7_i_fu_241">
<pin_list>
<pin id="242" dir="0" index="0" bw="32" slack="0"/>
<pin id="243" dir="0" index="1" bw="512" slack="0"/>
<pin id="244" dir="0" index="2" bw="9" slack="0"/>
<pin id="245" dir="0" index="3" bw="9" slack="0"/>
<pin id="246" dir="1" index="4" bw="32" slack="0"/>
</pin_list>
<bind>
<opcode="partselect(1002) " fcode="partselect"/>
<opset="p_Result_4_7_i/3 "/>
</bind>
</comp>

<comp id="251" class="1004" name="add_ln215_7_fu_251">
<pin_list>
<pin id="252" dir="0" index="0" bw="1" slack="0"/>
<pin id="253" dir="0" index="1" bw="32" slack="0"/>
<pin id="254" dir="1" index="2" bw="32" slack="0"/>
</pin_list>
<bind>
<opcode="add(8) " fcode="add"/>
<opset="add_ln215_7/3 "/>
</bind>
</comp>

<comp id="257" class="1004" name="p_Result_4_8_i_fu_257">
<pin_list>
<pin id="258" dir="0" index="0" bw="32" slack="0"/>
<pin id="259" dir="0" index="1" bw="512" slack="0"/>
<pin id="260" dir="0" index="2" bw="10" slack="0"/>
<pin id="261" dir="0" index="3" bw="10" slack="0"/>
<pin id="262" dir="1" index="4" bw="32" slack="0"/>
</pin_list>
<bind>
<opcode="partselect(1002) " fcode="partselect"/>
<opset="p_Result_4_8_i/3 "/>
</bind>
</comp>

<comp id="267" class="1004" name="add_ln215_8_fu_267">
<pin_list>
<pin id="268" dir="0" index="0" bw="1" slack="0"/>
<pin id="269" dir="0" index="1" bw="32" slack="0"/>
<pin id="270" dir="1" index="2" bw="32" slack="0"/>
</pin_list>
<bind>
<opcode="add(8) " fcode="add"/>
<opset="add_ln215_8/3 "/>
</bind>
</comp>

<comp id="273" class="1004" name="p_Result_4_9_i_fu_273">
<pin_list>
<pin id="274" dir="0" index="0" bw="32" slack="0"/>
<pin id="275" dir="0" index="1" bw="512" slack="0"/>
<pin id="276" dir="0" index="2" bw="10" slack="0"/>
<pin id="277" dir="0" index="3" bw="10" slack="0"/>
<pin id="278" dir="1" index="4" bw="32" slack="0"/>
</pin_list>
<bind>
<opcode="partselect(1002) " fcode="partselect"/>
<opset="p_Result_4_9_i/3 "/>
</bind>
</comp>

<comp id="283" class="1004" name="add_ln215_9_fu_283">
<pin_list>
<pin id="284" dir="0" index="0" bw="1" slack="0"/>
<pin id="285" dir="0" index="1" bw="32" slack="0"/>
<pin id="286" dir="1" index="2" bw="32" slack="0"/>
</pin_list>
<bind>
<opcode="add(8) " fcode="add"/>
<opset="add_ln215_9/3 "/>
</bind>
</comp>

<comp id="289" class="1004" name="p_Result_4_i_fu_289">
<pin_list>
<pin id="290" dir="0" index="0" bw="32" slack="0"/>
<pin id="291" dir="0" index="1" bw="512" slack="0"/>
<pin id="292" dir="0" index="2" bw="10" slack="0"/>
<pin id="293" dir="0" index="3" bw="10" slack="0"/>
<pin id="294" dir="1" index="4" bw="32" slack="0"/>
</pin_list>
<bind>
<opcode="partselect(1002) " fcode="partselect"/>
<opset="p_Result_4_i/3 "/>
</bind>
</comp>

<comp id="299" class="1004" name="add_ln215_10_fu_299">
<pin_list>
<pin id="300" dir="0" index="0" bw="1" slack="0"/>
<pin id="301" dir="0" index="1" bw="32" slack="0"/>
<pin id="302" dir="1" index="2" bw="32" slack="0"/>
</pin_list>
<bind>
<opcode="add(8) " fcode="add"/>
<opset="add_ln215_10/3 "/>
</bind>
</comp>

<comp id="305" class="1004" name="p_Result_4_10_i_fu_305">
<pin_list>
<pin id="306" dir="0" index="0" bw="32" slack="0"/>
<pin id="307" dir="0" index="1" bw="512" slack="0"/>
<pin id="308" dir="0" index="2" bw="10" slack="0"/>
<pin id="309" dir="0" index="3" bw="10" slack="0"/>
<pin id="310" dir="1" index="4" bw="32" slack="0"/>
</pin_list>
<bind>
<opcode="partselect(1002) " fcode="partselect"/>
<opset="p_Result_4_10_i/3 "/>
</bind>
</comp>

<comp id="315" class="1004" name="add_ln215_11_fu_315">
<pin_list>
<pin id="316" dir="0" index="0" bw="1" slack="0"/>
<pin id="317" dir="0" index="1" bw="32" slack="0"/>
<pin id="318" dir="1" index="2" bw="32" slack="0"/>
</pin_list>
<bind>
<opcode="add(8) " fcode="add"/>
<opset="add_ln215_11/3 "/>
</bind>
</comp>

<comp id="321" class="1004" name="p_Result_4_11_i_fu_321">
<pin_list>
<pin id="322" dir="0" index="0" bw="32" slack="0"/>
<pin id="323" dir="0" index="1" bw="512" slack="0"/>
<pin id="324" dir="0" index="2" bw="10" slack="0"/>
<pin id="325" dir="0" index="3" bw="10" slack="0"/>
<pin id="326" dir="1" index="4" bw="32" slack="0"/>
</pin_list>
<bind>
<opcode="partselect(1002) " fcode="partselect"/>
<opset="p_Result_4_11_i/3 "/>
</bind>
</comp>

<comp id="331" class="1004" name="add_ln215_12_fu_331">
<pin_list>
<pin id="332" dir="0" index="0" bw="1" slack="0"/>
<pin id="333" dir="0" index="1" bw="32" slack="0"/>
<pin id="334" dir="1" index="2" bw="32" slack="0"/>
</pin_list>
<bind>
<opcode="add(8) " fcode="add"/>
<opset="add_ln215_12/3 "/>
</bind>
</comp>

<comp id="337" class="1004" name="p_Result_4_12_i_fu_337">
<pin_list>
<pin id="338" dir="0" index="0" bw="32" slack="0"/>
<pin id="339" dir="0" index="1" bw="512" slack="0"/>
<pin id="340" dir="0" index="2" bw="10" slack="0"/>
<pin id="341" dir="0" index="3" bw="10" slack="0"/>
<pin id="342" dir="1" index="4" bw="32" slack="0"/>
</pin_list>
<bind>
<opcode="partselect(1002) " fcode="partselect"/>
<opset="p_Result_4_12_i/3 "/>
</bind>
</comp>

<comp id="347" class="1004" name="add_ln215_13_fu_347">
<pin_list>
<pin id="348" dir="0" index="0" bw="1" slack="0"/>
<pin id="349" dir="0" index="1" bw="32" slack="0"/>
<pin id="350" dir="1" index="2" bw="32" slack="0"/>
</pin_list>
<bind>
<opcode="add(8) " fcode="add"/>
<opset="add_ln215_13/3 "/>
</bind>
</comp>

<comp id="353" class="1004" name="p_Result_4_13_i_fu_353">
<pin_list>
<pin id="354" dir="0" index="0" bw="32" slack="0"/>
<pin id="355" dir="0" index="1" bw="512" slack="0"/>
<pin id="356" dir="0" index="2" bw="10" slack="0"/>
<pin id="357" dir="0" index="3" bw="10" slack="0"/>
<pin id="358" dir="1" index="4" bw="32" slack="0"/>
</pin_list>
<bind>
<opcode="partselect(1002) " fcode="partselect"/>
<opset="p_Result_4_13_i/3 "/>
</bind>
</comp>

<comp id="363" class="1004" name="add_ln215_14_fu_363">
<pin_list>
<pin id="364" dir="0" index="0" bw="1" slack="0"/>
<pin id="365" dir="0" index="1" bw="32" slack="0"/>
<pin id="366" dir="1" index="2" bw="32" slack="0"/>
</pin_list>
<bind>
<opcode="add(8) " fcode="add"/>
<opset="add_ln215_14/3 "/>
</bind>
</comp>

<comp id="369" class="1004" name="p_Result_4_14_i_fu_369">
<pin_list>
<pin id="370" dir="0" index="0" bw="32" slack="0"/>
<pin id="371" dir="0" index="1" bw="512" slack="0"/>
<pin id="372" dir="0" index="2" bw="10" slack="0"/>
<pin id="373" dir="0" index="3" bw="10" slack="0"/>
<pin id="374" dir="1" index="4" bw="32" slack="0"/>
</pin_list>
<bind>
<opcode="partselect(1002) " fcode="partselect"/>
<opset="p_Result_4_14_i/3 "/>
</bind>
</comp>

<comp id="379" class="1004" name="add_ln215_15_fu_379">
<pin_list>
<pin id="380" dir="0" index="0" bw="1" slack="0"/>
<pin id="381" dir="0" index="1" bw="32" slack="0"/>
<pin id="382" dir="1" index="2" bw="32" slack="0"/>
</pin_list>
<bind>
<opcode="add(8) " fcode="add"/>
<opset="add_ln215_15/3 "/>
</bind>
</comp>

<comp id="385" class="1004" name="acc_data_V_fu_385">
<pin_list>
<pin id="386" dir="0" index="0" bw="512" slack="0"/>
<pin id="387" dir="0" index="1" bw="32" slack="0"/>
<pin id="388" dir="0" index="2" bw="32" slack="0"/>
<pin id="389" dir="0" index="3" bw="32" slack="0"/>
<pin id="390" dir="0" index="4" bw="32" slack="0"/>
<pin id="391" dir="0" index="5" bw="32" slack="0"/>
<pin id="392" dir="0" index="6" bw="32" slack="0"/>
<pin id="393" dir="0" index="7" bw="32" slack="0"/>
<pin id="394" dir="0" index="8" bw="32" slack="0"/>
<pin id="395" dir="0" index="9" bw="32" slack="0"/>
<pin id="396" dir="0" index="10" bw="32" slack="0"/>
<pin id="397" dir="0" index="11" bw="32" slack="0"/>
<pin id="398" dir="0" index="12" bw="32" slack="0"/>
<pin id="399" dir="0" index="13" bw="32" slack="0"/>
<pin id="400" dir="0" index="14" bw="32" slack="0"/>
<pin id="401" dir="0" index="15" bw="32" slack="0"/>
<pin id="402" dir="0" index="16" bw="32" slack="0"/>
<pin id="403" dir="1" index="17" bw="512" slack="0"/>
</pin_list>
<bind>
<opcode="bitconcatenate(1004) " fcode="bitconcatenate"/>
<opset="acc_data_V/3 "/>
</bind>
</comp>

</comp_list>

<net_list>
<net id="107"><net_src comp="96" pin="0"/><net_sink comp="98" pin=0"/></net>

<net id="108"><net_src comp="6" pin="0"/><net_sink comp="98" pin=4"/></net>

<net id="109"><net_src comp="8" pin="0"/><net_sink comp="98" pin=5"/></net>

<net id="110"><net_src comp="10" pin="0"/><net_sink comp="98" pin=6"/></net>

<net id="117"><net_src comp="30" pin="0"/><net_sink comp="111" pin=0"/></net>

<net id="118"><net_src comp="0" pin="0"/><net_sink comp="111" pin=1"/></net>

<net id="119"><net_src comp="2" pin="0"/><net_sink comp="111" pin=2"/></net>

<net id="120"><net_src comp="4" pin="0"/><net_sink comp="111" pin=3"/></net>

<net id="124"><net_src comp="111" pin="4"/><net_sink comp="121" pin=0"/></net>

<net id="128"><net_src comp="111" pin="4"/><net_sink comp="125" pin=0"/></net>

<net id="129"><net_src comp="125" pin="1"/><net_sink comp="98" pin=2"/></net>

<net id="133"><net_src comp="111" pin="4"/><net_sink comp="130" pin=0"/></net>

<net id="134"><net_src comp="130" pin="1"/><net_sink comp="98" pin=3"/></net>

<net id="138"><net_src comp="121" pin="1"/><net_sink comp="135" pin=0"/></net>

<net id="143"><net_src comp="26" pin="0"/><net_sink comp="139" pin=0"/></net>

<net id="144"><net_src comp="135" pin="1"/><net_sink comp="139" pin=1"/></net>

<net id="151"><net_src comp="32" pin="0"/><net_sink comp="145" pin=0"/></net>

<net id="152"><net_src comp="121" pin="1"/><net_sink comp="145" pin=1"/></net>

<net id="153"><net_src comp="34" pin="0"/><net_sink comp="145" pin=2"/></net>

<net id="154"><net_src comp="36" pin="0"/><net_sink comp="145" pin=3"/></net>

<net id="159"><net_src comp="26" pin="0"/><net_sink comp="155" pin=0"/></net>

<net id="160"><net_src comp="145" pin="4"/><net_sink comp="155" pin=1"/></net>

<net id="167"><net_src comp="32" pin="0"/><net_sink comp="161" pin=0"/></net>

<net id="168"><net_src comp="121" pin="1"/><net_sink comp="161" pin=1"/></net>

<net id="169"><net_src comp="38" pin="0"/><net_sink comp="161" pin=2"/></net>

<net id="170"><net_src comp="40" pin="0"/><net_sink comp="161" pin=3"/></net>

<net id="175"><net_src comp="26" pin="0"/><net_sink comp="171" pin=0"/></net>

<net id="176"><net_src comp="161" pin="4"/><net_sink comp="171" pin=1"/></net>

<net id="183"><net_src comp="32" pin="0"/><net_sink comp="177" pin=0"/></net>

<net id="184"><net_src comp="121" pin="1"/><net_sink comp="177" pin=1"/></net>

<net id="185"><net_src comp="42" pin="0"/><net_sink comp="177" pin=2"/></net>

<net id="186"><net_src comp="44" pin="0"/><net_sink comp="177" pin=3"/></net>

<net id="191"><net_src comp="26" pin="0"/><net_sink comp="187" pin=0"/></net>

<net id="192"><net_src comp="177" pin="4"/><net_sink comp="187" pin=1"/></net>

<net id="199"><net_src comp="32" pin="0"/><net_sink comp="193" pin=0"/></net>

<net id="200"><net_src comp="121" pin="1"/><net_sink comp="193" pin=1"/></net>

<net id="201"><net_src comp="46" pin="0"/><net_sink comp="193" pin=2"/></net>

<net id="202"><net_src comp="48" pin="0"/><net_sink comp="193" pin=3"/></net>

<net id="207"><net_src comp="26" pin="0"/><net_sink comp="203" pin=0"/></net>

<net id="208"><net_src comp="193" pin="4"/><net_sink comp="203" pin=1"/></net>

<net id="215"><net_src comp="32" pin="0"/><net_sink comp="209" pin=0"/></net>

<net id="216"><net_src comp="121" pin="1"/><net_sink comp="209" pin=1"/></net>

<net id="217"><net_src comp="50" pin="0"/><net_sink comp="209" pin=2"/></net>

<net id="218"><net_src comp="52" pin="0"/><net_sink comp="209" pin=3"/></net>

<net id="223"><net_src comp="26" pin="0"/><net_sink comp="219" pin=0"/></net>

<net id="224"><net_src comp="209" pin="4"/><net_sink comp="219" pin=1"/></net>

<net id="231"><net_src comp="32" pin="0"/><net_sink comp="225" pin=0"/></net>

<net id="232"><net_src comp="121" pin="1"/><net_sink comp="225" pin=1"/></net>

<net id="233"><net_src comp="54" pin="0"/><net_sink comp="225" pin=2"/></net>

<net id="234"><net_src comp="56" pin="0"/><net_sink comp="225" pin=3"/></net>

<net id="239"><net_src comp="26" pin="0"/><net_sink comp="235" pin=0"/></net>

<net id="240"><net_src comp="225" pin="4"/><net_sink comp="235" pin=1"/></net>

<net id="247"><net_src comp="32" pin="0"/><net_sink comp="241" pin=0"/></net>

<net id="248"><net_src comp="121" pin="1"/><net_sink comp="241" pin=1"/></net>

<net id="249"><net_src comp="58" pin="0"/><net_sink comp="241" pin=2"/></net>

<net id="250"><net_src comp="60" pin="0"/><net_sink comp="241" pin=3"/></net>

<net id="255"><net_src comp="26" pin="0"/><net_sink comp="251" pin=0"/></net>

<net id="256"><net_src comp="241" pin="4"/><net_sink comp="251" pin=1"/></net>

<net id="263"><net_src comp="32" pin="0"/><net_sink comp="257" pin=0"/></net>

<net id="264"><net_src comp="121" pin="1"/><net_sink comp="257" pin=1"/></net>

<net id="265"><net_src comp="62" pin="0"/><net_sink comp="257" pin=2"/></net>

<net id="266"><net_src comp="64" pin="0"/><net_sink comp="257" pin=3"/></net>

<net id="271"><net_src comp="26" pin="0"/><net_sink comp="267" pin=0"/></net>

<net id="272"><net_src comp="257" pin="4"/><net_sink comp="267" pin=1"/></net>

<net id="279"><net_src comp="32" pin="0"/><net_sink comp="273" pin=0"/></net>

<net id="280"><net_src comp="121" pin="1"/><net_sink comp="273" pin=1"/></net>

<net id="281"><net_src comp="66" pin="0"/><net_sink comp="273" pin=2"/></net>

<net id="282"><net_src comp="68" pin="0"/><net_sink comp="273" pin=3"/></net>

<net id="287"><net_src comp="26" pin="0"/><net_sink comp="283" pin=0"/></net>

<net id="288"><net_src comp="273" pin="4"/><net_sink comp="283" pin=1"/></net>

<net id="295"><net_src comp="32" pin="0"/><net_sink comp="289" pin=0"/></net>

<net id="296"><net_src comp="121" pin="1"/><net_sink comp="289" pin=1"/></net>

<net id="297"><net_src comp="70" pin="0"/><net_sink comp="289" pin=2"/></net>

<net id="298"><net_src comp="72" pin="0"/><net_sink comp="289" pin=3"/></net>

<net id="303"><net_src comp="26" pin="0"/><net_sink comp="299" pin=0"/></net>

<net id="304"><net_src comp="289" pin="4"/><net_sink comp="299" pin=1"/></net>

<net id="311"><net_src comp="32" pin="0"/><net_sink comp="305" pin=0"/></net>

<net id="312"><net_src comp="121" pin="1"/><net_sink comp="305" pin=1"/></net>

<net id="313"><net_src comp="74" pin="0"/><net_sink comp="305" pin=2"/></net>

<net id="314"><net_src comp="76" pin="0"/><net_sink comp="305" pin=3"/></net>

<net id="319"><net_src comp="26" pin="0"/><net_sink comp="315" pin=0"/></net>

<net id="320"><net_src comp="305" pin="4"/><net_sink comp="315" pin=1"/></net>

<net id="327"><net_src comp="32" pin="0"/><net_sink comp="321" pin=0"/></net>

<net id="328"><net_src comp="121" pin="1"/><net_sink comp="321" pin=1"/></net>

<net id="329"><net_src comp="78" pin="0"/><net_sink comp="321" pin=2"/></net>

<net id="330"><net_src comp="80" pin="0"/><net_sink comp="321" pin=3"/></net>

<net id="335"><net_src comp="26" pin="0"/><net_sink comp="331" pin=0"/></net>

<net id="336"><net_src comp="321" pin="4"/><net_sink comp="331" pin=1"/></net>

<net id="343"><net_src comp="32" pin="0"/><net_sink comp="337" pin=0"/></net>

<net id="344"><net_src comp="121" pin="1"/><net_sink comp="337" pin=1"/></net>

<net id="345"><net_src comp="82" pin="0"/><net_sink comp="337" pin=2"/></net>

<net id="346"><net_src comp="84" pin="0"/><net_sink comp="337" pin=3"/></net>

<net id="351"><net_src comp="26" pin="0"/><net_sink comp="347" pin=0"/></net>

<net id="352"><net_src comp="337" pin="4"/><net_sink comp="347" pin=1"/></net>

<net id="359"><net_src comp="32" pin="0"/><net_sink comp="353" pin=0"/></net>

<net id="360"><net_src comp="121" pin="1"/><net_sink comp="353" pin=1"/></net>

<net id="361"><net_src comp="86" pin="0"/><net_sink comp="353" pin=2"/></net>

<net id="362"><net_src comp="88" pin="0"/><net_sink comp="353" pin=3"/></net>

<net id="367"><net_src comp="26" pin="0"/><net_sink comp="363" pin=0"/></net>

<net id="368"><net_src comp="353" pin="4"/><net_sink comp="363" pin=1"/></net>

<net id="375"><net_src comp="32" pin="0"/><net_sink comp="369" pin=0"/></net>

<net id="376"><net_src comp="121" pin="1"/><net_sink comp="369" pin=1"/></net>

<net id="377"><net_src comp="90" pin="0"/><net_sink comp="369" pin=2"/></net>

<net id="378"><net_src comp="92" pin="0"/><net_sink comp="369" pin=3"/></net>

<net id="383"><net_src comp="26" pin="0"/><net_sink comp="379" pin=0"/></net>

<net id="384"><net_src comp="369" pin="4"/><net_sink comp="379" pin=1"/></net>

<net id="404"><net_src comp="94" pin="0"/><net_sink comp="385" pin=0"/></net>

<net id="405"><net_src comp="379" pin="2"/><net_sink comp="385" pin=1"/></net>

<net id="406"><net_src comp="363" pin="2"/><net_sink comp="385" pin=2"/></net>

<net id="407"><net_src comp="347" pin="2"/><net_sink comp="385" pin=3"/></net>

<net id="408"><net_src comp="331" pin="2"/><net_sink comp="385" pin=4"/></net>

<net id="409"><net_src comp="315" pin="2"/><net_sink comp="385" pin=5"/></net>

<net id="410"><net_src comp="299" pin="2"/><net_sink comp="385" pin=6"/></net>

<net id="411"><net_src comp="283" pin="2"/><net_sink comp="385" pin=7"/></net>

<net id="412"><net_src comp="267" pin="2"/><net_sink comp="385" pin=8"/></net>

<net id="413"><net_src comp="251" pin="2"/><net_sink comp="385" pin=9"/></net>

<net id="414"><net_src comp="235" pin="2"/><net_sink comp="385" pin=10"/></net>

<net id="415"><net_src comp="219" pin="2"/><net_sink comp="385" pin=11"/></net>

<net id="416"><net_src comp="203" pin="2"/><net_sink comp="385" pin=12"/></net>

<net id="417"><net_src comp="187" pin="2"/><net_sink comp="385" pin=13"/></net>

<net id="418"><net_src comp="171" pin="2"/><net_sink comp="385" pin=14"/></net>

<net id="419"><net_src comp="155" pin="2"/><net_sink comp="385" pin=15"/></net>

<net id="420"><net_src comp="139" pin="2"/><net_sink comp="385" pin=16"/></net>

<net id="421"><net_src comp="385" pin="17"/><net_sink comp="98" pin=1"/></net>

</net_list>

</model> 
---------------- Datapath Model END ------------------

* FSMD analyzer results:
  - Output states:
	Port: s_axis_V_data_V | {}
	Port: s_axis_V_keep_V | {}
	Port: s_axis_V_last_V | {}
	Port: m_axis_V_data_V | {3 }
	Port: m_axis_V_keep_V | {3 }
	Port: m_axis_V_last_V | {3 }
 - Input state : 
	Port: example_stream_plus1<512, 512> : s_axis_V_data_V | {3 }
	Port: example_stream_plus1<512, 512> : s_axis_V_keep_V | {3 }
	Port: example_stream_plus1<512, 512> : s_axis_V_last_V | {3 }
	Port: example_stream_plus1<512, 512> : m_axis_V_data_V | {}
	Port: example_stream_plus1<512, 512> : m_axis_V_keep_V | {}
	Port: example_stream_plus1<512, 512> : m_axis_V_last_V | {}
  - Chain level:
	State 1
	State 2
	State 3
		acc_data_V_1 : 1
		acc_keep_V : 1
		acc_last_V : 1
		trunc_ln647 : 2
		add_ln215 : 3
		p_Result_4_1_i : 2
		add_ln215_1 : 3
		p_Result_4_2_i : 2
		add_ln215_2 : 3
		p_Result_4_3_i : 2
		add_ln215_3 : 3
		p_Result_4_4_i : 2
		add_ln215_4 : 3
		p_Result_4_5_i : 2
		add_ln215_5 : 3
		p_Result_4_6_i : 2
		add_ln215_6 : 3
		p_Result_4_7_i : 2
		add_ln215_7 : 3
		p_Result_4_8_i : 2
		add_ln215_8 : 3
		p_Result_4_9_i : 2
		add_ln215_9 : 3
		p_Result_4_i : 2
		add_ln215_10 : 3
		p_Result_4_10_i : 2
		add_ln215_11 : 3
		p_Result_4_11_i : 2
		add_ln215_12 : 3
		p_Result_4_12_i : 2
		add_ln215_13 : 3
		p_Result_4_13_i : 2
		add_ln215_14 : 3
		p_Result_4_14_i : 2
		add_ln215_15 : 3
		acc_data_V : 4
		call_ln100 : 5
		br_ln95 : 2
	State 4


============================================================
+ Verbose Summary: Datapath Resource usage 
============================================================

* Functional unit list:
|----------|-----------------------------------------|---------|---------|
| Operation|             Functional Unit             |    FF   |   LUT   |
|----------|-----------------------------------------|---------|---------|
|          |             add_ln215_fu_139            |    0    |    39   |
|          |            add_ln215_1_fu_155           |    0    |    39   |
|          |            add_ln215_2_fu_171           |    0    |    39   |
|          |            add_ln215_3_fu_187           |    0    |    39   |
|          |            add_ln215_4_fu_203           |    0    |    39   |
|          |            add_ln215_5_fu_219           |    0    |    39   |
|          |            add_ln215_6_fu_235           |    0    |    39   |
|    add   |            add_ln215_7_fu_251           |    0    |    39   |
|          |            add_ln215_8_fu_267           |    0    |    39   |
|          |            add_ln215_9_fu_283           |    0    |    39   |
|          |           add_ln215_10_fu_299           |    0    |    39   |
|          |           add_ln215_11_fu_315           |    0    |    39   |
|          |           add_ln215_12_fu_331           |    0    |    39   |
|          |           add_ln215_13_fu_347           |    0    |    39   |
|          |           add_ln215_14_fu_363           |    0    |    39   |
|          |           add_ln215_15_fu_379           |    0    |    39   |
|----------|-----------------------------------------|---------|---------|
|   call   | call_ln100_write_stream_512_512_s_fu_98 |    0    |    0    |
|          |  call_ret_read_stream_512_512_s_fu_111  |    0    |    0    |
|----------|-----------------------------------------|---------|---------|
|          |           acc_data_V_1_fu_121           |    0    |    0    |
|extractvalue|            acc_keep_V_fu_125            |    0    |    0    |
|          |            acc_last_V_fu_130            |    0    |    0    |
|----------|-----------------------------------------|---------|---------|
|   trunc  |            trunc_ln647_fu_135           |    0    |    0    |
|----------|-----------------------------------------|---------|---------|
|          |          p_Result_4_1_i_fu_145          |    0    |    0    |
|          |          p_Result_4_2_i_fu_161          |    0    |    0    |
|          |          p_Result_4_3_i_fu_177          |    0    |    0    |
|          |          p_Result_4_4_i_fu_193          |    0    |    0    |
|          |          p_Result_4_5_i_fu_209          |    0    |    0    |
|          |          p_Result_4_6_i_fu_225          |    0    |    0    |
|          |          p_Result_4_7_i_fu_241          |    0    |    0    |
|partselect|          p_Result_4_8_i_fu_257          |    0    |    0    |
|          |          p_Result_4_9_i_fu_273          |    0    |    0    |
|          |           p_Result_4_i_fu_289           |    0    |    0    |
|          |          p_Result_4_10_i_fu_305         |    0    |    0    |
|          |          p_Result_4_11_i_fu_321         |    0    |    0    |
|          |          p_Result_4_12_i_fu_337         |    0    |    0    |
|          |          p_Result_4_13_i_fu_353         |    0    |    0    |
|          |          p_Result_4_14_i_fu_369         |    0    |    0    |
|----------|-----------------------------------------|---------|---------|
|bitconcatenate|            acc_data_V_fu_385            |    0    |    0    |
|----------|-----------------------------------------|---------|---------|
|   Total  |                                         |    0    |   624   |
|----------|-----------------------------------------|---------|---------|

Memories:
N/A

* Register list:
N/A

* Multiplexer (MUX) list: 
|--------|------|------|------|--------|
|  Comp  |  Pin | Size |  BW  | S x BW |
|--------|------|------|------|--------|
|  Total |      |      |      |    0   |
|--------|------|------|------|--------|



* Summary:
+-----------+--------+--------+
|           |   FF   |   LUT  |
+-----------+--------+--------+
|  Function |    0   |   624  |
|   Memory  |    -   |    -   |
|Multiplexer|    -   |    -   |
|  Register |    -   |    -   |
+-----------+--------+--------+
|   Total   |    0   |   624  |
+-----------+--------+--------+
